This is pdfTeX, Version 3.14159265-2.6-1.40.19 (TeX Live 2018) (preloaded format=pdflatex 2019.4.5)  28 MAY 2019 10:49
entering extended mode
 restricted \write18 enabled.
 %&-line parsing enabled.
**homework2_cook.tex
(./homework2_cook.tex
LaTeX2e <2018-04-01> patch level 5
(/usr/share/texlive/texmf-dist/tex/latex/base/article.cls
Document Class: article 2014/09/29 v1.4h Standard LaTeX document class
(/usr/share/texlive/texmf-dist/tex/latex/base/size10.clo
File: size10.clo 2014/09/29 v1.4h Standard LaTeX file (size option)
)
\c@part=\count80
\c@section=\count81
\c@subsection=\count82
\c@subsubsection=\count83
\c@paragraph=\count84
\c@subparagraph=\count85
\c@figure=\count86
\c@table=\count87
\abovecaptionskip=\skip41
\belowcaptionskip=\skip42
\bibindent=\dimen102
)
(/usr/share/texlive/texmf-dist/tex/latex/base/inputenc.sty
Package: inputenc 2018/04/06 v1.3b Input encoding file
\inpenc@prehook=\toks14
\inpenc@posthook=\toks15
)
(./included_packages.tex
(/usr/share/texlive/texmf-dist/tex/latex/amsmath/amsmath.sty
Package: amsmath 2017/09/02 v2.17a AMS math features
\@mathmargin=\skip43

For additional information on amsmath, use the `?' option.
(/usr/share/texlive/texmf-dist/tex/latex/amsmath/amstext.sty
Package: amstext 2000/06/29 v2.01 AMS text

(/usr/share/texlive/texmf-dist/tex/latex/amsmath/amsgen.sty
File: amsgen.sty 1999/11/30 v2.0 generic functions
\@emptytoks=\toks16
\ex@=\dimen103
))
(/usr/share/texlive/texmf-dist/tex/latex/amsmath/amsbsy.sty
Package: amsbsy 1999/11/29 v1.2d Bold Symbols
\pmbraise@=\dimen104
)
(/usr/share/texlive/texmf-dist/tex/latex/amsmath/amsopn.sty
Package: amsopn 2016/03/08 v2.02 operator names
)
\inf@bad=\count88
LaTeX Info: Redefining \frac on input line 213.
\uproot@=\count89
\leftroot@=\count90
LaTeX Info: Redefining \overline on input line 375.
\classnum@=\count91
\DOTSCASE@=\count92
LaTeX Info: Redefining \ldots on input line 472.
LaTeX Info: Redefining \dots on input line 475.
LaTeX Info: Redefining \cdots on input line 596.
\Mathstrutbox@=\box26
\strutbox@=\box27
\big@size=\dimen105
LaTeX Font Info:    Redeclaring font encoding OML on input line 712.
LaTeX Font Info:    Redeclaring font encoding OMS on input line 713.
\macc@depth=\count93
\c@MaxMatrixCols=\count94
\dotsspace@=\muskip10
\c@parentequation=\count95
\dspbrk@lvl=\count96
\tag@help=\toks17
\row@=\count97
\column@=\count98
\maxfields@=\count99
\andhelp@=\toks18
\eqnshift@=\dimen106
\alignsep@=\dimen107
\tagshift@=\dimen108
\tagwidth@=\dimen109
\totwidth@=\dimen110
\lineht@=\dimen111
\@envbody=\toks19
\multlinegap=\skip44
\multlinetaggap=\skip45
\mathdisplay@stack=\toks20
LaTeX Info: Redefining \[ on input line 2817.
LaTeX Info: Redefining \] on input line 2818.
)
(/usr/share/texlive/texmf-dist/tex/latex/preprint/fullpage.sty
Package: fullpage 1999/02/23 1.1 (PWD)
\FP@margin=\skip46
)
(/usr/share/texlive/texmf-dist/tex/latex/hyperref/hyperref.sty
Package: hyperref 2018/02/06 v6.86b Hypertext links for LaTeX

(/usr/share/texlive/texmf-dist/tex/generic/oberdiek/hobsub-hyperref.sty
Package: hobsub-hyperref 2016/05/16 v1.14 Bundle oberdiek, subset hyperref (HO)


(/usr/share/texlive/texmf-dist/tex/generic/oberdiek/hobsub-generic.sty
Package: hobsub-generic 2016/05/16 v1.14 Bundle oberdiek, subset generic (HO)
Package: hobsub 2016/05/16 v1.14 Construct package bundles (HO)
Package: infwarerr 2016/05/16 v1.4 Providing info/warning/error messages (HO)
Package: ltxcmds 2016/05/16 v1.23 LaTeX kernel commands for general use (HO)
Package: ifluatex 2016/05/16 v1.4 Provides the ifluatex switch (HO)
Package ifluatex Info: LuaTeX not detected.
Package: ifvtex 2016/05/16 v1.6 Detect VTeX and its facilities (HO)
Package ifvtex Info: VTeX not detected.
Package: intcalc 2016/05/16 v1.2 Expandable calculations with integers (HO)
Package: ifpdf 2017/03/15 v3.2 Provides the ifpdf switch
Package: etexcmds 2016/05/16 v1.6 Avoid name clashes with e-TeX commands (HO)
Package etexcmds Info: Could not find \expanded.
(etexcmds)             That can mean that you are not using pdfTeX 1.50 or
(etexcmds)             that some package has redefined \expanded.
(etexcmds)             In the latter case, load this package earlier.
Package: kvsetkeys 2016/05/16 v1.17 Key value parser (HO)
Package: kvdefinekeys 2016/05/16 v1.4 Define keys (HO)
Package: pdftexcmds 2018/01/30 v0.27 Utility functions of pdfTeX for LuaTeX (HO
)
Package pdftexcmds Info: LuaTeX not detected.
Package pdftexcmds Info: \pdf@primitive is available.
Package pdftexcmds Info: \pdf@ifprimitive is available.
Package pdftexcmds Info: \pdfdraftmode found.
Package: pdfescape 2016/05/16 v1.14 Implements pdfTeX's escape features (HO)
Package: bigintcalc 2016/05/16 v1.4 Expandable calculations on big integers (HO
)
Package: bitset 2016/05/16 v1.2 Handle bit-vector datatype (HO)
Package: uniquecounter 2016/05/16 v1.3 Provide unlimited unique counter (HO)
)
Package hobsub Info: Skipping package `hobsub' (already loaded).
Package: letltxmacro 2016/05/16 v1.5 Let assignment for LaTeX macros (HO)
Package: hopatch 2016/05/16 v1.3 Wrapper for package hooks (HO)
Package: xcolor-patch 2016/05/16 xcolor patch
Package: atveryend 2016/05/16 v1.9 Hooks at the very end of document (HO)
Package atveryend Info: \enddocument detected (standard20110627).
Package: atbegshi 2016/06/09 v1.18 At begin shipout hook (HO)
Package: refcount 2016/05/16 v3.5 Data extraction from label references (HO)
Package: hycolor 2016/05/16 v1.8 Color options for hyperref/bookmark (HO)
)
(/usr/share/texlive/texmf-dist/tex/latex/graphics/keyval.sty
Package: keyval 2014/10/28 v1.15 key=value parser (DPC)
\KV@toks@=\toks21
)
(/usr/share/texlive/texmf-dist/tex/generic/ifxetex/ifxetex.sty
Package: ifxetex 2010/09/12 v0.6 Provides ifxetex conditional
)
(/usr/share/texlive/texmf-dist/tex/latex/oberdiek/auxhook.sty
Package: auxhook 2016/05/16 v1.4 Hooks for auxiliary files (HO)
)
(/usr/share/texlive/texmf-dist/tex/latex/oberdiek/kvoptions.sty
Package: kvoptions 2016/05/16 v3.12 Key value format for package options (HO)
)
\@linkdim=\dimen112
\Hy@linkcounter=\count100
\Hy@pagecounter=\count101

(/usr/share/texlive/texmf-dist/tex/latex/hyperref/pd1enc.def
File: pd1enc.def 2018/02/06 v6.86b Hyperref: PDFDocEncoding definition (HO)
Now handling font encoding PD1 ...
... no UTF-8 mapping file for font encoding PD1
)
\Hy@SavedSpaceFactor=\count102

(/usr/share/texlive/texmf-dist/tex/latex/latexconfig/hyperref.cfg
File: hyperref.cfg 2002/06/06 v1.2 hyperref configuration of TeXLive
)
Package hyperref Info: Hyper figures OFF on input line 4509.
Package hyperref Info: Link nesting OFF on input line 4514.
Package hyperref Info: Hyper index ON on input line 4517.
Package hyperref Info: Plain pages OFF on input line 4524.
Package hyperref Info: Backreferencing OFF on input line 4529.
Package hyperref Info: Implicit mode ON; LaTeX internals redefined.
Package hyperref Info: Bookmarks ON on input line 4762.
\c@Hy@tempcnt=\count103

(/usr/share/texlive/texmf-dist/tex/latex/url/url.sty
\Urlmuskip=\muskip11
Package: url 2013/09/16  ver 3.4  Verb mode for urls, etc.
)
LaTeX Info: Redefining \url on input line 5115.
\XeTeXLinkMargin=\dimen113
\Fld@menulength=\count104
\Field@Width=\dimen114
\Fld@charsize=\dimen115
Package hyperref Info: Hyper figures OFF on input line 6369.
Package hyperref Info: Link nesting OFF on input line 6374.
Package hyperref Info: Hyper index ON on input line 6377.
Package hyperref Info: backreferencing OFF on input line 6384.
Package hyperref Info: Link coloring OFF on input line 6389.
Package hyperref Info: Link coloring with OCG OFF on input line 6394.
Package hyperref Info: PDF/A mode OFF on input line 6399.
LaTeX Info: Redefining \ref on input line 6439.
LaTeX Info: Redefining \pageref on input line 6443.
\Hy@abspage=\count105
\c@Item=\count106
\c@Hfootnote=\count107
)
Package hyperref Info: Driver (autodetected): hpdftex.

(/usr/share/texlive/texmf-dist/tex/latex/hyperref/hpdftex.def
File: hpdftex.def 2018/02/06 v6.86b Hyperref driver for pdfTeX
\Fld@listcount=\count108
\c@bookmark@seq@number=\count109

(/usr/share/texlive/texmf-dist/tex/latex/oberdiek/rerunfilecheck.sty
Package: rerunfilecheck 2016/05/16 v1.8 Rerun checks for auxiliary files (HO)
Package uniquecounter Info: New unique counter `rerunfilecheck' on input line 2
82.
)
\Hy@SectionHShift=\skip47
)
(/usr/share/texlive/texmf-dist/tex/latex/graphics/graphicx.sty
Package: graphicx 2017/06/01 v1.1a Enhanced LaTeX Graphics (DPC,SPQR)

(/usr/share/texlive/texmf-dist/tex/latex/graphics/graphics.sty
Package: graphics 2017/06/25 v1.2c Standard LaTeX Graphics (DPC,SPQR)

(/usr/share/texlive/texmf-dist/tex/latex/graphics/trig.sty
Package: trig 2016/01/03 v1.10 sin cos tan (DPC)
)
(/usr/share/texlive/texmf-dist/tex/latex/graphics-cfg/graphics.cfg
File: graphics.cfg 2016/06/04 v1.11 sample graphics configuration
)
Package graphics Info: Driver file: pdftex.def on input line 99.

(/usr/share/texlive/texmf-dist/tex/latex/graphics-def/pdftex.def
File: pdftex.def 2018/01/08 v1.0l Graphics/color driver for pdftex
))
\Gin@req@height=\dimen116
\Gin@req@width=\dimen117
)
(/usr/share/texlive/texmf-dist/tex/latex/listings/listings.sty
\lst@mode=\count110
\lst@gtempboxa=\box28
\lst@token=\toks22
\lst@length=\count111
\lst@currlwidth=\dimen118
\lst@column=\count112
\lst@pos=\count113
\lst@lostspace=\dimen119
\lst@width=\dimen120
\lst@newlines=\count114
\lst@lineno=\count115
\lst@maxwidth=\dimen121

(/usr/share/texlive/texmf-dist/tex/latex/listings/lstmisc.sty
File: lstmisc.sty 2015/06/04 1.6 (Carsten Heinz)
\c@lstnumber=\count116
\lst@skipnumbers=\count117
\lst@framebox=\box29
)
(/usr/share/texlive/texmf-dist/tex/latex/listings/listings.cfg
File: listings.cfg 2015/06/04 1.6 listings configuration
))
Package: listings 2015/06/04 1.6 (Carsten Heinz)

(/usr/share/texlive/texmf-dist/tex/latex/graphics/color.sty
Package: color 2016/07/10 v1.1e Standard LaTeX Color (DPC)

(/usr/share/texlive/texmf-dist/tex/latex/graphics-cfg/color.cfg
File: color.cfg 2016/01/02 v1.6 sample color configuration
)
Package color Info: Driver file: pdftex.def on input line 147.
)
(/usr/share/texlive/texmf-dist/tex/latex/calrsfs/calrsfs.sty
\symrsfscript=\mathgroup4
)
(/usr/share/texlive/texmf-dist/tex/latex/listings/lstlang1.sty
File: lstlang1.sty 2015/06/04 1.6 listings language file
))
(./homework2_cook.aux)
\openout1 = `homework2_cook.aux'.

LaTeX Font Info:    Checking defaults for OML/cmm/m/it on input line 10.
LaTeX Font Info:    ... okay on input line 10.
LaTeX Font Info:    Checking defaults for T1/cmr/m/n on input line 10.
LaTeX Font Info:    ... okay on input line 10.
LaTeX Font Info:    Checking defaults for OT1/cmr/m/n on input line 10.
LaTeX Font Info:    ... okay on input line 10.
LaTeX Font Info:    Checking defaults for OMS/cmsy/m/n on input line 10.
LaTeX Font Info:    ... okay on input line 10.
LaTeX Font Info:    Checking defaults for OMX/cmex/m/n on input line 10.
LaTeX Font Info:    ... okay on input line 10.
LaTeX Font Info:    Checking defaults for U/cmr/m/n on input line 10.
LaTeX Font Info:    ... okay on input line 10.
LaTeX Font Info:    Checking defaults for PD1/pdf/m/n on input line 10.
LaTeX Font Info:    ... okay on input line 10.
\AtBeginShipoutBox=\box30
Package hyperref Info: Link coloring OFF on input line 10.

(/usr/share/texlive/texmf-dist/tex/latex/hyperref/nameref.sty
Package: nameref 2016/05/21 v2.44 Cross-referencing by name of section

(/usr/share/texlive/texmf-dist/tex/generic/oberdiek/gettitlestring.sty
Package: gettitlestring 2016/05/16 v1.5 Cleanup title references (HO)
)
\c@section@level=\count118
)
LaTeX Info: Redefining \ref on input line 10.
LaTeX Info: Redefining \pageref on input line 10.
LaTeX Info: Redefining \nameref on input line 10.

(./homework2_cook.out) (./homework2_cook.out)
\@outlinefile=\write3
\openout3 = `homework2_cook.out'.


(/usr/share/texlive/texmf-dist/tex/context/base/mkii/supp-pdf.mkii
[Loading MPS to PDF converter (version 2006.09.02).]
\scratchcounter=\count119
\scratchdimen=\dimen122
\scratchbox=\box31
\nofMPsegments=\count120
\nofMParguments=\count121
\everyMPshowfont=\toks23
\MPscratchCnt=\count122
\MPscratchDim=\dimen123
\MPnumerator=\count123
\makeMPintoPDFobject=\count124
\everyMPtoPDFconversion=\toks24
) (/usr/share/texlive/texmf-dist/tex/latex/oberdiek/epstopdf-base.sty
Package: epstopdf-base 2016/05/15 v2.6 Base part for package epstopdf

(/usr/share/texlive/texmf-dist/tex/latex/oberdiek/grfext.sty
Package: grfext 2016/05/16 v1.2 Manage graphics extensions (HO)
)
Package epstopdf-base Info: Redefining graphics rule for `.eps' on input line 4
38.
Package grfext Info: Graphics extension search list:
(grfext)             [.pdf,.png,.jpg,.mps,.jpeg,.jbig2,.jb2,.PDF,.PNG,.JPG,.JPE
G,.JBIG2,.JB2,.eps]
(grfext)             \AppendGraphicsExtensions on input line 456.

(/usr/share/texlive/texmf-dist/tex/latex/latexconfig/epstopdf-sys.cfg
File: epstopdf-sys.cfg 2010/07/13 v1.3 Configuration of (r)epstopdf for TeX Liv
e
))
\c@lstlisting=\count125
LaTeX Font Info:    Try loading font information for OMS+rsfs on input line 13.


(/usr/share/texlive/texmf-dist/tex/latex/calrsfs/OMSrsfs.fd)
(./homework2problem1parta.tex (./homework2problem1parta.py
LaTeX Font Info:    Try loading font information for OMS+cmr on input line 18.

(/usr/share/texlive/texmf-dist/tex/latex/base/omscmr.fd
File: omscmr.fd 2014/09/29 v2.5h Standard LaTeX font definitions
)
LaTeX Font Info:    Font shape `OMS/cmr/m/n' in size <8> not available
(Font)              Font shape `OMS/cmsy/m/n' tried instead on input line 18.
LaTeX Font Info:    Try loading font information for OML+cmr on input line 21.

(/usr/share/texlive/texmf-dist/tex/latex/base/omlcmr.fd
File: omlcmr.fd 2014/09/29 v2.5h Standard LaTeX font definitions
)
LaTeX Font Info:    Font shape `OML/cmr/m/n' in size <8> not available
(Font)              Font shape `OML/cmm/m/it' tried instead on input line 21.
 [1

{/usr/share/texlive/texmf-dist/fonts/map/pdftex/updmap/pdftex.map}] [2])
(./homework2problem1parta_print.txt) [3]
<homework2problem1partafigure1.pdf, id=215, 462.52798pt x 346.89601pt>
File: homework2problem1partafigure1.pdf Graphic file (type pdf)
<use homework2problem1partafigure1.pdf>
Package pdftex.def Info: homework2problem1partafigure1.pdf  used on input line 
17.
(pdftex.def)             Requested size: 462.52684pt x 346.89516pt.
<homework2problem1partafigure2.pdf, id=216, 462.52798pt x 346.89601pt>
File: homework2problem1partafigure2.pdf Graphic file (type pdf)
<use homework2problem1partafigure2.pdf>
Package pdftex.def Info: homework2problem1partafigure2.pdf  used on input line 
24.
(pdftex.def)             Requested size: 462.52684pt x 346.89516pt.


LaTeX Warning: `h' float specifier changed to `ht'.

<homework2problem1partafigure3.pdf, id=217, 462.52798pt x 346.89601pt>
File: homework2problem1partafigure3.pdf Graphic file (type pdf)
<use homework2problem1partafigure3.pdf>
Package pdftex.def Info: homework2problem1partafigure3.pdf  used on input line 
31.
(pdftex.def)             Requested size: 462.52684pt x 346.89516pt.

LaTeX Warning: `h' float specifier changed to `ht'.

[4

 <./homework2problem1partafigure1.pdf>] [5 <./homework2problem1partafigure2.pdf
>] [6 <./homework2problem1partafigure3.pdf>]) (./homework2problem1partb.tex
(./homework2problem1partb.py [7

]) [8]
<homework2problem1partbfigure1.pdf, id=400, 462.52798pt x 346.89601pt>
File: homework2problem1partbfigure1.pdf Graphic file (type pdf)
<use homework2problem1partbfigure1.pdf>
Package pdftex.def Info: homework2problem1partbfigure1.pdf  used on input line 
26.
(pdftex.def)             Requested size: 462.52684pt x 346.89516pt.
 [9

 <./homework2problem1partbfigure1.pdf>]) (./homework2problem1partc.tex (./homew
ork2problem1partc.py [10

]) [11]
[12]
<homework2problem1partcfigure1.pdf, id=586, 462.52798pt x 346.89601pt>
File: homework2problem1partcfigure1.pdf Graphic file (type pdf)
<use homework2problem1partcfigure1.pdf>
Package pdftex.def Info: homework2problem1partcfigure1.pdf  used on input line 
13.
(pdftex.def)             Requested size: 462.52684pt x 346.89516pt.
 [13

 <./homework2problem1partcfigure1.pdf>]) (./homework2problem1partd.tex
(./homework2problem1partd.py [14

] [15]) [16]
<homework2problem1partdfigure1.pdf, id=767, 462.52798pt x 346.89601pt>
File: homework2problem1partdfigure1.pdf Graphic file (type pdf)
<use homework2problem1partdfigure1.pdf>
Package pdftex.def Info: homework2problem1partdfigure1.pdf  used on input line 
11.
(pdftex.def)             Requested size: 462.52684pt x 346.89516pt.
 [17

 <./homework2problem1partdfigure1.pdf>]) (./homework2problem1parte.tex (./homew
ork2problem1parte.py [18

])
[19]
<homework2problem1partefigure1.pdf, id=924, 462.52798pt x 346.89601pt>
File: homework2problem1partefigure1.pdf Graphic file (type pdf)
<use homework2problem1partefigure1.pdf>
Package pdftex.def Info: homework2problem1partefigure1.pdf  used on input line 
11.
(pdftex.def)             Requested size: 462.52684pt x 346.89516pt.
<homework2problem1partefigure2.pdf, id=925, 462.52798pt x 346.89601pt>
File: homework2problem1partefigure2.pdf Graphic file (type pdf)
<use homework2problem1partefigure2.pdf>
Package pdftex.def Info: homework2problem1partefigure2.pdf  used on input line 
18.
(pdftex.def)             Requested size: 462.52684pt x 346.89516pt.


LaTeX Warning: `h' float specifier changed to `ht'.

[20

 <./homework2problem1partefigure1.pdf>] [21 <./homework2problem1partefigure2.pd
f>]) (./homework2problem2.tex

Package amsmath Warning: Foreign command \over;
(amsmath)                \frac or \genfrac should be used instead
(amsmath)                 on input line 6.


Overfull \hbox (36.14198pt too wide) in paragraph at lines 8--9
[]\OT1/cmr/m/n/10 The val-ues $\OML/cmm/m/it/10 k[]$ \OT1/cmr/m/n/10 and $\OML/
cmm/m/it/10 k[]$ \OT1/cmr/m/n/10 we will use to make the ini-tial Gaus-sian ran
-dom field are $(\OMS/cmsy/m/n/10 ^^@\OML/cmm/m/it/10 k[]; [] ; \OMS/cmsy/m/n/1
0 ^^@\OML/cmm/m/it/10 k[]; k[]; [] ; k[]\OT1/cmr/m/n/10 )$.
 []

(./homework2problem2.py [22

]) [23]
<homework2problem2figure1.pdf, id=1093, 462.52798pt x 346.89601pt>
File: homework2problem2figure1.pdf Graphic file (type pdf)
<use homework2problem2figure1.pdf>
Package pdftex.def Info: homework2problem2figure1.pdf  used on input line 16.
(pdftex.def)             Requested size: 462.52684pt x 346.89516pt.
<homework2problem2figure2.pdf, id=1094, 462.52798pt x 346.89601pt>
File: homework2problem2figure2.pdf Graphic file (type pdf)
<use homework2problem2figure2.pdf>
Package pdftex.def Info: homework2problem2figure2.pdf  used on input line 23.
(pdftex.def)             Requested size: 462.52684pt x 346.89516pt.


LaTeX Warning: `h' float specifier changed to `ht'.

<homework2problem2figure3.pdf, id=1095, 462.52798pt x 346.89601pt>
File: homework2problem2figure3.pdf Graphic file (type pdf)
<use homework2problem2figure3.pdf>
Package pdftex.def Info: homework2problem2figure3.pdf  used on input line 30.
(pdftex.def)             Requested size: 462.52684pt x 346.89516pt.

LaTeX Warning: `h' float specifier changed to `ht'.

[24

 <./homework2problem2figure1.pdf>] [25 <./homework2problem2figure2.pdf>]
[26 <./homework2problem2figure3.pdf>]) (./homework2problem3.tex [27

]
(./homework2problem3.py [28]) [29]
<homework2problem3figure1.pdf, id=1336, 462.52798pt x 346.89601pt>
File: homework2problem3figure1.pdf Graphic file (type pdf)
<use homework2problem3figure1.pdf>
Package pdftex.def Info: homework2problem3figure1.pdf  used on input line 67.
(pdftex.def)             Requested size: 462.52684pt x 346.89516pt.
<homework2problem3figure2.pdf, id=1337, 462.52798pt x 346.89601pt>
File: homework2problem3figure2.pdf Graphic file (type pdf)
<use homework2problem3figure2.pdf>
Package pdftex.def Info: homework2problem3figure2.pdf  used on input line 74.
(pdftex.def)             Requested size: 462.52684pt x 346.89516pt.


LaTeX Warning: `h' float specifier changed to `ht'.

<homework2problem3figure3.pdf, id=1338, 462.52798pt x 346.89601pt>
File: homework2problem3figure3.pdf Graphic file (type pdf)
<use homework2problem3figure3.pdf>
Package pdftex.def Info: homework2problem3figure3.pdf  used on input line 81.
(pdftex.def)             Requested size: 462.52684pt x 346.89516pt.

LaTeX Warning: `h' float specifier changed to `ht'.

[30

 <./homework2problem3figure1.pdf>] [31 <./homework2problem3figure2.pdf>]
[32 <./homework2problem3figure3.pdf>]) (./homework2problem4parta.tex
(./homework2problem4parta_result.txt) (./homework2problem4parta.py [33

]))
(./homework2problem4partb.tex [34] (./homework2problem4partb_result.txt)
(./homework2problem4partb.py [35])) (./homework2problem4partc.tex
(./homework2problem4partc.py [36] [37] [38] [39]) [40]
<homework2problem4partcfigure1.pdf, id=1886, 462.52798pt x 346.89601pt>
File: homework2problem4partcfigure1.pdf Graphic file (type pdf)
<use homework2problem4partcfigure1.pdf>
Package pdftex.def Info: homework2problem4partcfigure1.pdf  used on input line 
20.
(pdftex.def)             Requested size: 462.52684pt x 346.89516pt.
<homework2problem4partcfigure2.pdf, id=1887, 462.52798pt x 346.89601pt>
File: homework2problem4partcfigure2.pdf Graphic file (type pdf)
<use homework2problem4partcfigure2.pdf>
Package pdftex.def Info: homework2problem4partcfigure2.pdf  used on input line 
27.
(pdftex.def)             Requested size: 462.52684pt x 346.89516pt.


LaTeX Warning: `h' float specifier changed to `ht'.

[41

 <./homework2problem4partcfigure1.pdf>] [42 <./homework2problem4partcfigure2.pd
f>]) (./homework2problem5parta.tex (./homework2problem5parta.py [43

])
[44]
<homework2problem5partafigure1.pdf, id=2022, 462.52798pt x 346.89601pt>
File: homework2problem5partafigure1.pdf Graphic file (type pdf)
<use homework2problem5partafigure1.pdf>
Package pdftex.def Info: homework2problem5partafigure1.pdf  used on input line 
13.
(pdftex.def)             Requested size: 462.52684pt x 346.89516pt.
<homework2problem5partafigure2.pdf, id=2023, 462.52798pt x 346.89601pt>
File: homework2problem5partafigure2.pdf Graphic file (type pdf)
<use homework2problem5partafigure2.pdf>
Package pdftex.def Info: homework2problem5partafigure2.pdf  used on input line 
20.
(pdftex.def)             Requested size: 462.52684pt x 346.89516pt.


LaTeX Warning: `h' float specifier changed to `ht'.

<homework2problem5partafigure3.pdf, id=2024, 462.52798pt x 346.89601pt>
File: homework2problem5partafigure3.pdf Graphic file (type pdf)
<use homework2problem5partafigure3.pdf>
Package pdftex.def Info: homework2problem5partafigure3.pdf  used on input line 
27.
(pdftex.def)             Requested size: 462.52684pt x 346.89516pt.

LaTeX Warning: `h' float specifier changed to `ht'.

<homework2problem5partafigure4.pdf, id=2025, 462.52798pt x 346.89601pt>
File: homework2problem5partafigure4.pdf Graphic file (type pdf)
<use homework2problem5partafigure4.pdf>
Package pdftex.def Info: homework2problem5partafigure4.pdf  used on input line 
34.
(pdftex.def)             Requested size: 462.52684pt x 346.89516pt.

LaTeX Warning: `h' float specifier changed to `ht'.

[45

 <./homework2problem5partafigure1.pdf>] [46 <./homework2problem5partafigure2.pd
f>] [47 <./homework2problem5partafigure3.pdf>] [48 <./homework2problem5partafig
ure4.pdf>]) (./homework2problem5partb.tex (./homework2problem5partb.py)
[49

]
<homework2problem5partbfigure1.pdf, id=2213, 462.52798pt x 346.89601pt>
File: homework2problem5partbfigure1.pdf Graphic file (type pdf)
<use homework2problem5partbfigure1.pdf>
Package pdftex.def Info: homework2problem5partbfigure1.pdf  used on input line 
11.
(pdftex.def)             Requested size: 462.52684pt x 346.89516pt.
 [50

 <./homework2problem5partbfigure1.pdf>])

Package hyperref Warning: Token not allowed in a PDF string (PDFDocEncoding):
(hyperref)                removing `math shift' on input line 62.


Package hyperref Warning: Token not allowed in a PDF string (PDFDocEncoding):
(hyperref)                removing `\gamma' on input line 62.


Package hyperref Warning: Token not allowed in a PDF string (PDFDocEncoding):
(hyperref)                removing `math shift' on input line 62.

(./homework2problem6.tex (./homework2problem6.py [51

]) [52]
<homework2problem6figure1.pdf, id=2358, 462.52798pt x 346.89601pt>
File: homework2problem6figure1.pdf Graphic file (type pdf)
<use homework2problem6figure1.pdf>
Package pdftex.def Info: homework2problem6figure1.pdf  used on input line 15.
(pdftex.def)             Requested size: 462.52684pt x 346.89516pt.
 [53

 <./homework2problem6figure1.pdf>]) (./homework2problem7.tex
LaTeX Font Info:    Font shape `OT1/cmtt/bx/n' in size <12> not available
(Font)              Font shape `OT1/cmtt/m/n' tried instead on input line 3.
 (./homework2problem7.py [54

]
[55] [56]) (./homework2problem7_toprint.txt) [57]
<homework2problem7figure1.pdf, id=2617, 462.52798pt x 346.89601pt>
File: homework2problem7figure1.pdf Graphic file (type pdf)
<use homework2problem7figure1.pdf>
Package pdftex.def Info: homework2problem7figure1.pdf  used on input line 37.
(pdftex.def)             Requested size: 462.52684pt x 346.89516pt.
 [58

 <./homework2problem7figure1.pdf>]) (./homework2problem8.tex)
Package atveryend Info: Empty hook `BeforeClearDocument' on input line 74.
 [59

]
Package atveryend Info: Empty hook `AfterLastShipout' on input line 74.
 (./homework2_cook.aux)
Package atveryend Info: Executing hook `AtVeryEndDocument' on input line 74.
Package atveryend Info: Executing hook `AtEndAfterFileList' on input line 74.
Package rerunfilecheck Info: File `homework2_cook.out' has not changed.
(rerunfilecheck)             Checksum: E5D1F4B23379A56D792DD9EA0E09B70D;935.
Package atveryend Info: Empty hook `AtVeryVeryEnd' on input line 74.
 ) 
Here is how much of TeX's memory you used:
 9701 strings out of 492701
 141759 string characters out of 6134505
 500675 words of memory out of 5000000
 11837 multiletter control sequences out of 15000+600000
 12941 words of font info for 50 fonts, out of 8000000 for 9000
 1137 hyphenation exceptions out of 8191
 32i,10n,40p,778b,1952s stack positions out of 5000i,500n,10000p,200000b,80000s
</usr/share/texlive/texmf-dist/fonts/type1/public/amsfonts/cm/cmbx10.pfb></us
r/share/texlive/texmf-dist/fonts/type1/public/amsfonts/cm/cmbx12.pfb></usr/shar
e/texlive/texmf-dist/fonts/type1/public/amsfonts/cm/cmex10.pfb></usr/share/texl
ive/texmf-dist/fonts/type1/public/amsfonts/cm/cmmi10.pfb></usr/share/texlive/te
xmf-dist/fonts/type1/public/amsfonts/cm/cmmi12.pfb></usr/share/texlive/texmf-di
st/fonts/type1/public/amsfonts/cm/cmmi7.pfb></usr/share/texlive/texmf-dist/font
s/type1/public/amsfonts/cm/cmmi8.pfb></usr/share/texlive/texmf-dist/fonts/type1
/public/amsfonts/cm/cmr10.pfb></usr/share/texlive/texmf-dist/fonts/type1/public
/amsfonts/cm/cmr12.pfb></usr/share/texlive/texmf-dist/fonts/type1/public/amsfon
ts/cm/cmr17.pfb></usr/share/texlive/texmf-dist/fonts/type1/public/amsfonts/cm/c
mr5.pfb></usr/share/texlive/texmf-dist/fonts/type1/public/amsfonts/cm/cmr7.pfb>
</usr/share/texlive/texmf-dist/fonts/type1/public/amsfonts/cm/cmr8.pfb></usr/sh
are/texlive/texmf-dist/fonts/type1/public/amsfonts/cm/cmsy10.pfb></usr/share/te
xlive/texmf-dist/fonts/type1/public/amsfonts/cm/cmsy5.pfb></usr/share/texlive/t
exmf-dist/fonts/type1/public/amsfonts/cm/cmsy7.pfb></usr/share/texlive/texmf-di
st/fonts/type1/public/amsfonts/cm/cmsy8.pfb></usr/share/texlive/texmf-dist/font
s/type1/public/amsfonts/cm/cmti10.pfb></usr/share/texlive/texmf-dist/fonts/type
1/public/amsfonts/cm/cmtt10.pfb></usr/share/texlive/texmf-dist/fonts/type1/publ
ic/amsfonts/cm/cmtt12.pfb>
Output written on homework2_cook.pdf (59 pages, 1661530 bytes).
PDF statistics:
 3044 PDF objects out of 3580 (max. 8388607)
 2345 compressed objects within 24 object streams
 1549 named destinations out of 1728 (max. 500000)
 244 words of extra memory for PDF output out of 10000 (max. 10000000)

